
> tolemics-app@0.1.0 start
> next start

   ▲ Next.js 15.3.1
   - Local:        http://localhost:3000
   - Network:      http://10.0.0.55:3000

 ✓ Starting...
 ✓ Ready in 182ms

> tolemics-app@0.1.0 start
> next start

   ▲ Next.js 15.3.1
   - Local:        http://localhost:3000
   - Network:      http://10.0.0.55:3000

 ✓ Starting...
 ✓ Ready in 177ms
Session callback triggered for user: bren.duffy@gmail.com
Home page
Session callback triggered for user: bren.duffy@gmail.com
Home Page - User authenticated, rendering dashboard - number of roles =  6
Session callback triggered for user: bren.duffy@gmail.com
Home page
Session callback triggered for user: bren.duffy@gmail.com
Home Page - User authenticated, rendering dashboard - number of roles =  6
Teams for orgType Club and orgId 2: [
  {
    clubId: 2,
    clubName: 'Bredagh',
    groupingId: 3,
    groupingName: 'Football',
    teamId: 4,
    teamName: 'U12'
  },
  {
    clubId: 2,
    clubName: 'Bredagh',
    groupingId: 3,
    groupingName: 'Football',
    teamId: 5,
    teamName: 'U14'
  },
  {
    clubId: 2,
    clubName: 'Bredagh',
    groupingId: 3,
    groupingName: 'Football',
    teamId: 6,
    teamName: 'U16'
  },
  {
    clubId: 2,
    clubName: 'Bredagh',
    groupingId: 3,
    groupingName: 'Football',
    teamId: 7,
    teamName: 'U18'
  },
  {
    clubId: 2,
    clubName: 'Bredagh',
    groupingId: 3,
    groupingName: 'Football',
    teamId: 8,
    teamName: 'Senior'
  },
  {
    clubId: 2,
    clubName: 'Bredagh',
    groupingId: 3,
    groupingName: 'Football',
    teamId: 9,
    teamName: 'U8'
  },
  {
    clubId: 2,
    clubName: 'Bredagh',
    groupingId: 3,
    groupingName: 'Football',
    teamId: 10,
    teamName: 'U10'
  },
  {
    clubId: 2,
    clubName: 'Bredagh',
    groupingId: 3,
    groupingName: 'Football',
    teamId: 20,
    teamName: 'lads'
  },
  {
    clubId: 2,
    clubName: 'Bredagh',
    groupingId: 21,
    groupingName: 'Hurling',
    teamId: 22,
    teamName: 'U12'
  },
  {
    clubId: 2,
    clubName: 'Bredagh',
    groupingId: 21,
    groupingName: 'Hurling',
    teamId: 23,
    teamName: 'U14'
  },
  {
    clubId: 2,
    clubName: 'Bredagh',
    groupingId: 21,
    groupingName: 'Hurling',
    teamId: 24,
    teamName: 'U16'
  },
  {
    clubId: 2,
    clubName: 'Bredagh',
    groupingId: 21,
    groupingName: 'Hurling',
    teamId: 25,
    teamName: 'U18'
  },
  {
    clubId: 2,
    clubName: 'Bredagh',
    groupingId: 21,
    groupingName: 'Hurling',
    teamId: 26,
    teamName: 'Senior'
  },
  {
    clubId: 2,
    clubName: 'Bredagh',
    groupingId: 21,
    groupingName: 'Hurling',
    teamId: 27,
    teamName: 'U8'
  },
  {
    clubId: 2,
    clubName: 'Bredagh',
    groupingId: 21,
    groupingName: 'Hurling',
    teamId: 28,
    teamName: 'U10'
  },
  {
    clubId: 2,
    clubName: 'Bredagh',
    groupingId: 21,
    groupingName: 'Hurling',
    teamId: 29,
    teamName: 'lads'
  }
]
BookingDetail fetched data: {
  clubGroupingTeamList: [
    {
      clubId: 2,
      clubName: 'Bredagh',
      groupingId: 3,
      groupingName: 'Football',
      teamId: 4,
      teamName: 'U12'
    },
    {
      clubId: 2,
      clubName: 'Bredagh',
      groupingId: 3,
      groupingName: 'Football',
      teamId: 5,
      teamName: 'U14'
    },
    {
      clubId: 2,
      clubName: 'Bredagh',
      groupingId: 3,
      groupingName: 'Football',
      teamId: 6,
      teamName: 'U16'
    },
    {
      clubId: 2,
      clubName: 'Bredagh',
      groupingId: 3,
      groupingName: 'Football',
      teamId: 7,
      teamName: 'U18'
    },
    {
      clubId: 2,
      clubName: 'Bredagh',
      groupingId: 3,
      groupingName: 'Football',
      teamId: 8,
      teamName: 'Senior'
    },
    {
      clubId: 2,
      clubName: 'Bredagh',
      groupingId: 3,
      groupingName: 'Football',
      teamId: 9,
      teamName: 'U8'
    },
    {
      clubId: 2,
      clubName: 'Bredagh',
      groupingId: 3,
      groupingName: 'Football',
      teamId: 10,
      teamName: 'U10'
    },
    {
      clubId: 2,
      clubName: 'Bredagh',
      groupingId: 3,
      groupingName: 'Football',
      teamId: 20,
      teamName: 'lads'
    },
    {
      clubId: 2,
      clubName: 'Bredagh',
      groupingId: 21,
      groupingName: 'Hurling',
      teamId: 22,
      teamName: 'U12'
    },
    {
      clubId: 2,
      clubName: 'Bredagh',
      groupingId: 21,
      groupingName: 'Hurling',
      teamId: 23,
      teamName: 'U14'
    },
    {
      clubId: 2,
      clubName: 'Bredagh',
      groupingId: 21,
      groupingName: 'Hurling',
      teamId: 24,
      teamName: 'U16'
    },
    {
      clubId: 2,
      clubName: 'Bredagh',
      groupingId: 21,
      groupingName: 'Hurling',
      teamId: 25,
      teamName: 'U18'
    },
    {
      clubId: 2,
      clubName: 'Bredagh',
      groupingId: 21,
      groupingName: 'Hurling',
      teamId: 26,
      teamName: 'Senior'
    },
    {
      clubId: 2,
      clubName: 'Bredagh',
      groupingId: 21,
      groupingName: 'Hurling',
      teamId: 27,
      teamName: 'U8'
    },
    {
      clubId: 2,
      clubName: 'Bredagh',
      groupingId: 21,
      groupingName: 'Hurling',
      teamId: 28,
      teamName: 'U10'
    },
    {
      clubId: 2,
      clubName: 'Bredagh',
      groupingId: 21,
      groupingName: 'Hurling',
      teamId: 29,
      teamName: 'lads'
    }
  ],
  teamIds: [
     4,  5,  6,  7,  8,  9,
    10, 20, 22, 23, 24, 25,
    26, 27, 28, 29
  ],
  bookingRequests: [
    {
      bookingId: 22,
      description: 'Bredagh/Football/U16 - Training',
      eventType: 'Training',
      teamId: 6,
      groupingId: 3,
      clubId: 2,
      status: 'Requested',
      createdAt: 2025-09-05T17:37:14.167Z,
      updatedAt: 2025-09-05T17:37:14.167Z,
      requestorId: 'a31000ae-f7b5-4fe3-ae11-5d597816c417',
      requestorName: 'Brendan Duffy',
      requestorEmail: 'bren.duffy@gmail.com',
      approverId: null,
      approverEmail: null,
      approverName: null,
      requestedNumSlots: '1'
    },
    {
      bookingId: 21,
      description: 'Bredagh/Football/U16 - Training',
      eventType: 'Training',
      teamId: 6,
      groupingId: 3,
      clubId: 2,
      status: 'Rejected',
      createdAt: 2025-09-05T17:18:46.256Z,
      updatedAt: 2025-09-05T16:19:49.182Z,
      requestorId: 'a31000ae-f7b5-4fe3-ae11-5d597816c417',
      requestorName: 'Brendan Duffy',
      requestorEmail: 'bren.duffy@gmail.com',
      approverId: 'a31000ae-f7b5-4fe3-ae11-5d597816c417',
      approverEmail: 'bren.duffy@gmail.com',
      approverName: 'Brendan Duffy',
      requestedNumSlots: '4'
    },
    {
      bookingId: 20,
      description: 'Bredagh/Football/U14 - Training',
      eventType: 'Training',
      teamId: 5,
      groupingId: 3,
      clubId: 2,
      status: 'Withdrawn',
      createdAt: 2025-09-05T16:14:34.558Z,
      updatedAt: 2025-09-05T15:15:41.448Z,
      requestorId: 'a31000ae-f7b5-4fe3-ae11-5d597816c417',
      requestorName: 'Brendan Duffy',
      requestorEmail: 'bren.duffy@gmail.com',
      approverId: null,
      approverEmail: null,
      approverName: null,
      requestedNumSlots: '3'
    },
    {
      bookingId: 19,
      description: 'Bredagh/Football/U12 - Training',
      eventType: 'Training',
      teamId: 4,
      groupingId: 3,
      clubId: 2,
      status: 'Requested',
      createdAt: 2025-09-05T14:16:18.452Z,
      updatedAt: 2025-09-05T14:16:18.452Z,
      requestorId: 'a31000ae-f7b5-4fe3-ae11-5d597816c417',
      requestorName: 'Brendan Duffy',
      requestorEmail: 'bren.duffy@gmail.com',
      approverId: null,
      approverEmail: null,
      approverName: null,
      requestedNumSlots: '1'
    },
    {
      bookingId: 18,
      description: 'Bredagh/Hurling/Senior - Training',
      eventType: 'Training',
      teamId: 26,
      groupingId: 21,
      clubId: 2,
      status: 'Approved',
      createdAt: 2025-09-05T08:35:22.735Z,
      updatedAt: 2025-09-05T07:35:53.570Z,
      requestorId: 'a31000ae-f7b5-4fe3-ae11-5d597816c417',
      requestorName: 'Brendan Duffy',
      requestorEmail: 'bren.duffy@gmail.com',
      approverId: 'a31000ae-f7b5-4fe3-ae11-5d597816c417',
      approverEmail: 'bren.duffy@gmail.com',
      approverName: 'Brendan Duffy',
      requestedNumSlots: '3'
    },
    {
      bookingId: 17,
      description: 'Bredagh/Football/U18 - Training',
      eventType: 'Training',
      teamId: 7,
      groupingId: 3,
      clubId: 2,
      status: 'Rejected',
      createdAt: 2025-09-05T00:50:20.698Z,
      updatedAt: 2025-09-04T23:51:03.494Z,
      requestorId: 'a31000ae-f7b5-4fe3-ae11-5d597816c417',
      requestorName: 'Brendan Duffy',
      requestorEmail: 'bren.duffy@gmail.com',
      approverId: 'a31000ae-f7b5-4fe3-ae11-5d597816c417',
      approverEmail: 'bren.duffy@gmail.com',
      approverName: 'Brendan Duffy',
      requestedNumSlots: '2'
    },
    {
      bookingId: 16,
      description: 'Bredagh/Football/U14 - Training',
      eventType: 'Training',
      teamId: 5,
      groupingId: 3,
      clubId: 2,
      status: 'Approved',
      createdAt: 2025-09-04T23:32:10.937Z,
      updatedAt: 2025-09-04T22:33:11.114Z,
      requestorId: 'a31000ae-f7b5-4fe3-ae11-5d597816c417',
      requestorName: 'Brendan Duffy',
      requestorEmail: 'bren.duffy@gmail.com',
      approverId: 'a31000ae-f7b5-4fe3-ae11-5d597816c417',
      approverEmail: 'bren.duffy@gmail.com',
      approverName: 'Brendan Duffy',
      requestedNumSlots: '1'
    },
    {
      bookingId: 15,
      description: 'Bredagh/Hurling/U14 - Training',
      eventType: 'Training',
      teamId: 23,
      groupingId: 21,
      clubId: 2,
      status: 'Approved',
      createdAt: 2025-09-04T17:25:03.544Z,
      updatedAt: 2025-09-04T16:28:19.419Z,
      requestorId: 'a31000ae-f7b5-4fe3-ae11-5d597816c417',
      requestorName: 'Brendan Duffy',
      requestorEmail: 'bren.duffy@gmail.com',
      approverId: 'a31000ae-f7b5-4fe3-ae11-5d597816c417',
      approverEmail: 'bren.duffy@gmail.com',
      approverName: 'Brendan Duffy',
      requestedNumSlots: '2'
    },
    {
      bookingId: 14,
      description: 'Bredagh/Football/U12 - Training',
      eventType: 'Training',
      teamId: 4,
      groupingId: 3,
      clubId: 2,
      status: 'Requested',
      createdAt: 2025-09-04T16:32:46.127Z,
      updatedAt: 2025-09-04T16:32:46.127Z,
      requestorId: 'a31000ae-f7b5-4fe3-ae11-5d597816c417',
      requestorName: 'Brendan Duffy',
      requestorEmail: 'bren.duffy@gmail.com',
      approverId: null,
      approverEmail: null,
      approverName: null,
      requestedNumSlots: '1'
    },
    {
      bookingId: 13,
      description: 'Bredagh/Football/lads - Training',
      eventType: 'Training',
      teamId: 20,
      groupingId: 3,
      clubId: 2,
      status: 'Requested',
      createdAt: 2025-09-04T16:15:38.959Z,
      updatedAt: 2025-09-04T16:15:38.959Z,
      requestorId: 'a31000ae-f7b5-4fe3-ae11-5d597816c417',
      requestorName: 'Brendan Duffy',
      requestorEmail: 'bren.duffy@gmail.com',
      approverId: null,
      approverEmail: null,
      approverName: null,
      requestedNumSlots: '2'
    },
    {
      bookingId: 12,
      description: 'Bredagh/Hurling/U14 - Training',
      eventType: 'Training',
      teamId: 23,
      groupingId: 21,
      clubId: 2,
      status: 'Approved',
      createdAt: 2025-09-01T23:02:24.170Z,
      updatedAt: 2025-09-01T22:02:38.934Z,
      requestorId: 'a31000ae-f7b5-4fe3-ae11-5d597816c417',
      requestorName: 'Brendan Duffy',
      requestorEmail: 'bren.duffy@gmail.com',
      approverId: 'a31000ae-f7b5-4fe3-ae11-5d597816c417',
      approverEmail: 'bren.duffy@gmail.com',
      approverName: 'Brendan Duffy',
      requestedNumSlots: '2'
    },
    {
      bookingId: 11,
      description: 'Bredagh/Hurling/U14 - Training',
      eventType: 'Training',
      teamId: 23,
      groupingId: 21,
      clubId: 2,
      status: 'Withdrawn',
      createdAt: 2025-09-01T23:01:33.576Z,
      updatedAt: 2025-09-01T22:01:50.119Z,
      requestorId: 'a31000ae-f7b5-4fe3-ae11-5d597816c417',
      requestorName: 'Brendan Duffy',
      requestorEmail: 'bren.duffy@gmail.com',
      approverId: null,
      approverEmail: null,
      approverName: null,
      requestedNumSlots: '2'
    },
    {
      bookingId: 10,
      description: 'Bredagh/Football/U16 - Training',
      eventType: 'Training',
      teamId: 6,
      groupingId: 3,
      clubId: 2,
      status: 'Requested',
      createdAt: 2025-09-01T00:36:07.601Z,
      updatedAt: 2025-09-01T00:36:07.601Z,
      requestorId: 'a31000ae-f7b5-4fe3-ae11-5d597816c417',
      requestorName: 'Brendan Duffy',
      requestorEmail: 'bren.duffy@gmail.com',
      approverId: null,
      approverEmail: null,
      approverName: null,
      requestedNumSlots: '1'
    },
    {
      bookingId: 9,
      description: 'Bredagh/Football/lads - Training',
      eventType: 'Training',
      teamId: 20,
      groupingId: 3,
      clubId: 2,
      status: 'Requested',
      createdAt: 2025-09-01T00:30:53.213Z,
      updatedAt: 2025-09-01T00:30:53.213Z,
      requestorId: 'a31000ae-f7b5-4fe3-ae11-5d597816c417',
      requestorName: 'Brendan Duffy',
      requestorEmail: 'bren.duffy@gmail.com',
      approverId: null,
      approverEmail: null,
      approverName: null,
      requestedNumSlots: '1'
    },
    {
      bookingId: 8,
      description: 'Bredagh/Hurling/U14 - Training',
      eventType: 'Training',
      teamId: 23,
      groupingId: 21,
      clubId: 2,
      status: 'Approved',
      createdAt: 2025-08-31T16:30:52.088Z,
      updatedAt: 2025-08-31T15:31:20.892Z,
      requestorId: 'a31000ae-f7b5-4fe3-ae11-5d597816c417',
      requestorName: 'Brendan Duffy',
      requestorEmail: 'bren.duffy@gmail.com',
      approverId: 'a31000ae-f7b5-4fe3-ae11-5d597816c417',
      approverEmail: 'bren.duffy@gmail.com',
      approverName: 'Brendan Duffy',
      requestedNumSlots: '1'
    },
    {
      bookingId: 7,
      description: 'Bredagh/Football/U12 - Training',
      eventType: 'Training',
      teamId: 4,
      groupingId: 3,
      clubId: 2,
      status: 'Requested',
      createdAt: 2025-08-31T16:05:53.554Z,
      updatedAt: 2025-08-31T16:05:53.554Z,
      requestorId: 'a31000ae-f7b5-4fe3-ae11-5d597816c417',
      requestorName: 'Brendan Duffy',
      requestorEmail: 'bren.duffy@gmail.com',
      approverId: null,
      approverEmail: null,
      approverName: null,
      requestedNumSlots: '2'
    },
    {
      bookingId: 6,
      description: 'Bredagh/Football/U16 - Training',
      eventType: 'Training',
      teamId: 6,
      groupingId: 3,
      clubId: 2,
      status: 'Requested',
      createdAt: 2025-08-31T16:04:27.762Z,
      updatedAt: 2025-08-31T16:04:27.762Z,
      requestorId: 'a31000ae-f7b5-4fe3-ae11-5d597816c417',
      requestorName: 'Brendan Duffy',
      requestorEmail: 'bren.duffy@gmail.com',
      approverId: null,
      approverEmail: null,
      approverName: null,
      requestedNumSlots: '2'
    },
    {
      bookingId: 4,
      description: 'Bredagh/Football/U16 - Training',
      eventType: 'Training',
      teamId: 6,
      groupingId: 3,
      clubId: 2,
      status: 'Approved',
      createdAt: 2025-08-30T13:48:45.176Z,
      updatedAt: 2025-08-30T12:49:15.578Z,
      requestorId: 'a31000ae-f7b5-4fe3-ae11-5d597816c417',
      requestorName: 'Brendan Duffy',
      requestorEmail: 'bren.duffy@gmail.com',
      approverId: 'a31000ae-f7b5-4fe3-ae11-5d597816c417',
      approverEmail: 'bren.duffy@gmail.com',
      approverName: 'Brendan Duffy',
      requestedNumSlots: '2'
    },
    {
      bookingId: 3,
      description: 'Bredagh/Football/U14 - Training',
      eventType: 'Training',
      teamId: 5,
      groupingId: 3,
      clubId: 2,
      status: 'Requested',
      createdAt: 2025-08-30T11:17:12.795Z,
      updatedAt: 2025-08-30T11:17:12.795Z,
      requestorId: 'a31000ae-f7b5-4fe3-ae11-5d597816c417',
      requestorName: 'Brendan Duffy',
      requestorEmail: 'bren.duffy@gmail.com',
      approverId: null,
      approverEmail: null,
      approverName: null,
      requestedNumSlots: '2'
    },
    {
      bookingId: 2,
      description: 'Bredagh/Football/U14 - Training',
      eventType: 'Training',
      teamId: 5,
      groupingId: 3,
      clubId: 2,
      status: 'Approved',
      createdAt: 2025-08-30T11:03:32.236Z,
      updatedAt: 2025-08-30T10:04:04.696Z,
      requestorId: 'a31000ae-f7b5-4fe3-ae11-5d597816c417',
      requestorName: 'Brendan Duffy',
      requestorEmail: 'bren.duffy@gmail.com',
      approverId: 'a31000ae-f7b5-4fe3-ae11-5d597816c417',
      approverEmail: 'bren.duffy@gmail.com',
      approverName: 'Brendan Duffy',
      requestedNumSlots: '2'
    },
    {
      bookingId: 1,
      description: 'Bredagh/Football/U12 - Training',
      eventType: 'Training',
      teamId: 4,
      groupingId: 3,
      clubId: 2,
      status: 'Withdrawn',
      createdAt: 2025-08-30T01:07:55.630Z,
      updatedAt: 2025-08-30T10:04:21.144Z,
      requestorId: 'a31000ae-f7b5-4fe3-ae11-5d597816c417',
      requestorName: 'Brendan Duffy',
      requestorEmail: 'bren.duffy@gmail.com',
      approverId: 'a31000ae-f7b5-4fe3-ae11-5d597816c417',
      approverEmail: 'bren.duffy@gmail.com',
      approverName: 'Brendan Duffy',
      requestedNumSlots: '2'
    }
  ]
}
